{"C:\\ExercorsismeLearning\\ExercismExercises\\ResistorColorTrio\\resistorColorTrio.js": {"path":"C:\\ExercorsismeLearning\\ExercismExercises\\ResistorColorTrio\\resistorColorTrio.js","statementMap":{"0":{"start":{"line":3,"column":0},"end":{"line":3,"column":62}},"1":{"start":{"line":4,"column":0},"end":{"line":4,"column":119}},"2":{"start":{"line":17,"column":4},"end":{"line":18,"column":17}},"3":{"start":{"line":18,"column":8},"end":{"line":18,"column":17}},"4":{"start":{"line":20,"column":35},"end":{"line":20,"column":76}},"5":{"start":{"line":21,"column":4},"end":{"line":21,"column":59}},"6":{"start":{"line":23,"column":4},"end":{"line":24,"column":17}},"7":{"start":{"line":24,"column":8},"end":{"line":24,"column":17}},"8":{"start":{"line":25,"column":4},"end":{"line":26,"column":17}},"9":{"start":{"line":26,"column":8},"end":{"line":26,"column":17}},"10":{"start":{"line":27,"column":4},"end":{"line":28,"column":17}},"11":{"start":{"line":28,"column":8},"end":{"line":28,"column":17}},"12":{"start":{"line":30,"column":20},"end":{"line":30,"column":40}},"13":{"start":{"line":31,"column":20},"end":{"line":31,"column":44}},"14":{"start":{"line":34,"column":4},"end":{"line":34,"column":48}},"15":{"start":{"line":35,"column":4},"end":{"line":35,"column":68}},"16":{"start":{"line":37,"column":0},"end":{"line":37,"column":52}},"17":{"start":{"line":44,"column":23},"end":{"line":47,"column":1}},"18":{"start":{"line":46,"column":4},"end":{"line":46,"column":50}},"19":{"start":{"line":46,"column":32},"end":{"line":46,"column":48}},"20":{"start":{"line":48,"column":0},"end":{"line":48,"column":40}},"21":{"start":{"line":49,"column":33},"end":{"line":64,"column":1}},"22":{"start":{"line":50,"column":4},"end":{"line":63,"column":5}},"23":{"start":{"line":51,"column":16},"end":{"line":51,"column":70}},"24":{"start":{"line":52,"column":16},"end":{"line":52,"column":63}},"25":{"start":{"line":53,"column":16},"end":{"line":53,"column":70}},"26":{"start":{"line":54,"column":16},"end":{"line":54,"column":70}},"27":{"start":{"line":55,"column":16},"end":{"line":55,"column":63}},"28":{"start":{"line":56,"column":16},"end":{"line":56,"column":63}},"29":{"start":{"line":57,"column":17},"end":{"line":57,"column":64}},"30":{"start":{"line":58,"column":17},"end":{"line":58,"column":64}},"31":{"start":{"line":59,"column":17},"end":{"line":59,"column":63}},"32":{"start":{"line":60,"column":17},"end":{"line":60,"column":65}},"33":{"start":{"line":61,"column":17},"end":{"line":61,"column":65}},"34":{"start":{"line":62,"column":17},"end":{"line":62,"column":55}},"35":{"start":{"line":65,"column":0},"end":{"line":65,"column":60}},"36":{"start":{"line":66,"column":0},"end":{"line":77,"column":3}},"37":{"start":{"line":78,"column":0},"end":{"line":78,"column":70}}},"fnMap":{"0":{"name":"decodedResistorValue","decl":{"start":{"line":15,"column":9},"end":{"line":15,"column":29}},"loc":{"start":{"line":15,"column":65},"end":{"line":36,"column":1}},"line":15},"1":{"name":"(anonymous_1)","decl":{"start":{"line":44,"column":23},"end":{"line":44,"column":24}},"loc":{"start":{"line":44,"column":62},"end":{"line":47,"column":1}},"line":44},"2":{"name":"(anonymous_2)","decl":{"start":{"line":46,"column":22},"end":{"line":46,"column":23}},"loc":{"start":{"line":46,"column":32},"end":{"line":46,"column":48}},"line":46},"3":{"name":"(anonymous_3)","decl":{"start":{"line":49,"column":33},"end":{"line":49,"column":34}},"loc":{"start":{"line":49,"column":73},"end":{"line":64,"column":1}},"line":49}},"branchMap":{"0":{"loc":{"start":{"line":15,"column":38},"end":{"line":15,"column":63}},"type":"default-arg","locations":[{"start":{"line":15,"column":45},"end":{"line":15,"column":63}}],"line":15},"1":{"loc":{"start":{"line":17,"column":4},"end":{"line":18,"column":17}},"type":"if","locations":[{"start":{"line":17,"column":4},"end":{"line":18,"column":17}},{"start":{},"end":{}}],"line":17},"2":{"loc":{"start":{"line":23,"column":4},"end":{"line":24,"column":17}},"type":"if","locations":[{"start":{"line":23,"column":4},"end":{"line":24,"column":17}},{"start":{},"end":{}}],"line":23},"3":{"loc":{"start":{"line":23,"column":8},"end":{"line":23,"column":47}},"type":"binary-expr","locations":[{"start":{"line":23,"column":8},"end":{"line":23,"column":23}},{"start":{"line":23,"column":27},"end":{"line":23,"column":47}}],"line":23},"4":{"loc":{"start":{"line":25,"column":4},"end":{"line":26,"column":17}},"type":"if","locations":[{"start":{"line":25,"column":4},"end":{"line":26,"column":17}},{"start":{},"end":{}}],"line":25},"5":{"loc":{"start":{"line":25,"column":8},"end":{"line":25,"column":47}},"type":"binary-expr","locations":[{"start":{"line":25,"column":8},"end":{"line":25,"column":23}},{"start":{"line":25,"column":27},"end":{"line":25,"column":47}}],"line":25},"6":{"loc":{"start":{"line":27,"column":4},"end":{"line":28,"column":17}},"type":"if","locations":[{"start":{"line":27,"column":4},"end":{"line":28,"column":17}},{"start":{},"end":{}}],"line":27},"7":{"loc":{"start":{"line":27,"column":8},"end":{"line":27,"column":47}},"type":"binary-expr","locations":[{"start":{"line":27,"column":8},"end":{"line":27,"column":23}},{"start":{"line":27,"column":27},"end":{"line":27,"column":47}}],"line":27},"8":{"loc":{"start":{"line":44,"column":32},"end":{"line":44,"column":57}},"type":"default-arg","locations":[{"start":{"line":44,"column":39},"end":{"line":44,"column":57}}],"line":44},"9":{"loc":{"start":{"line":49,"column":52},"end":{"line":49,"column":68}},"type":"default-arg","locations":[{"start":{"line":49,"column":67},"end":{"line":49,"column":68}}],"line":49},"10":{"loc":{"start":{"line":50,"column":4},"end":{"line":63,"column":5}},"type":"switch","locations":[{"start":{"line":51,"column":8},"end":{"line":51,"column":70}},{"start":{"line":52,"column":8},"end":{"line":52,"column":63}},{"start":{"line":53,"column":8},"end":{"line":53,"column":70}},{"start":{"line":54,"column":8},"end":{"line":54,"column":70}},{"start":{"line":55,"column":8},"end":{"line":55,"column":63}},{"start":{"line":56,"column":8},"end":{"line":56,"column":63}},{"start":{"line":57,"column":8},"end":{"line":57,"column":64}},{"start":{"line":58,"column":8},"end":{"line":58,"column":64}},{"start":{"line":59,"column":8},"end":{"line":59,"column":63}},{"start":{"line":60,"column":8},"end":{"line":60,"column":65}},{"start":{"line":61,"column":8},"end":{"line":61,"column":65}},{"start":{"line":62,"column":8},"end":{"line":62,"column":55}}],"line":50}},"s":{"0":1,"1":1,"2":11,"3":0,"4":11,"5":11,"6":11,"7":0,"8":11,"9":0,"10":11,"11":0,"12":11,"13":11,"14":11,"15":11,"16":1,"17":1,"18":11,"19":34,"20":1,"21":1,"22":11,"23":1,"24":1,"25":2,"26":0,"27":1,"28":1,"29":0,"30":0,"31":0,"32":0,"33":0,"34":5,"35":1,"36":1,"37":1},"f":{"0":11,"1":11,"2":34,"3":11},"b":{"0":[11],"1":[0,11],"2":[0,11],"3":[11,11],"4":[0,11],"5":[11,11],"6":[0,11],"7":[11,11],"8":[0],"9":[11],"10":[1,1,2,0,1,1,0,0,0,0,0,5]},"inputSourceMap":null,"_coverageSchema":"1a1c01bbd47fc00a2c39e90264f33305004495a9","hash":"c8963e03438ce4a4f113e790cbdaed3d05b77299"}
}
