TN:
SF:ExercismExercises\ResistorColorTrio\resistorColorTrio.js
FN:15,decodedResistorValue
FN:44,(anonymous_1)
FN:46,(anonymous_2)
FN:49,(anonymous_3)
FNF:4
FNH:4
FNDA:11,decodedResistorValue
FNDA:11,(anonymous_1)
FNDA:34,(anonymous_2)
FNDA:11,(anonymous_3)
DA:3,1
DA:4,1
DA:17,11
DA:18,0
DA:20,11
DA:21,11
DA:23,11
DA:24,0
DA:25,11
DA:26,0
DA:27,11
DA:28,0
DA:30,11
DA:31,11
DA:34,11
DA:35,11
DA:37,1
DA:44,1
DA:46,34
DA:48,1
DA:49,1
DA:50,11
DA:51,1
DA:52,1
DA:53,2
DA:54,0
DA:55,1
DA:56,1
DA:57,0
DA:58,0
DA:59,0
DA:60,0
DA:61,0
DA:62,5
DA:65,1
DA:66,1
DA:78,1
LF:37
LH:27
BRDA:15,0,0,11
BRDA:17,1,0,0
BRDA:17,1,1,11
BRDA:23,2,0,0
BRDA:23,2,1,11
BRDA:23,3,0,11
BRDA:23,3,1,11
BRDA:25,4,0,0
BRDA:25,4,1,11
BRDA:25,5,0,11
BRDA:25,5,1,11
BRDA:27,6,0,0
BRDA:27,6,1,11
BRDA:27,7,0,11
BRDA:27,7,1,11
BRDA:44,8,0,0
BRDA:49,9,0,11
BRDA:50,10,0,1
BRDA:50,10,1,1
BRDA:50,10,2,2
BRDA:50,10,3,0
BRDA:50,10,4,1
BRDA:50,10,5,1
BRDA:50,10,6,0
BRDA:50,10,7,0
BRDA:50,10,8,0
BRDA:50,10,9,0
BRDA:50,10,10,0
BRDA:50,10,11,5
BRF:29
BRH:18
end_of_record
